2018-11-01 11:43:19,007 0      [ost-startStop-1] INFO  work.web.context.ContextLoader  - Root WebApplicationContext: initialization started
2018-11-01 11:43:19,080 73     [ost-startStop-1] INFO  pport.XmlWebApplicationContext  - Refreshing Root WebApplicationContext: startup date [Thu Nov 01 11:43:19 CST 2018]; root of context hierarchy
2018-11-01 11:43:19,123 116    [ost-startStop-1] INFO  ry.xml.XmlBeanDefinitionReader  - Loading XML bean definitions from URL [file:/E:/DH_Object/ssm_parent/ssm_web/target/classes/applicationContext.xml]
2018-11-01 11:43:19,194 187    [ost-startStop-1] INFO  ry.xml.XmlBeanDefinitionReader  - Loading XML bean definitions from class path resource [applicationContext_service.xml]
2018-11-01 11:43:19,302 295    [ost-startStop-1] INFO  ry.xml.XmlBeanDefinitionReader  - Loading XML bean definitions from class path resource [applicationContext_dao.xml]
2018-11-01 11:43:19,328 321    [ost-startStop-1] INFO  ry.xml.XmlBeanDefinitionReader  - Loading XML bean definitions from class path resource [applicationContext_tx.xml]
2018-11-01 11:43:19,340 333    [ost-startStop-1] INFO  ry.xml.XmlBeanDefinitionReader  - Loading XML bean definitions from class path resource [applicationContext_dao.xml]
2018-11-01 11:43:19,358 351    [ost-startStop-1] INFO  ort.DefaultListableBeanFactory  - Overriding bean definition for bean 'sqlSessionFactory' with a different definition: replacing [Generic bean: class [org.mybatis.spring.SqlSessionFactoryBean]; scope=; abstract=false; lazyInit=false; autowireMode=0; dependencyCheck=0; autowireCandidate=true; primary=false; factoryBeanName=null; factoryMethodName=null; initMethodName=null; destroyMethodName=null; defined in class path resource [applicationContext_dao.xml]] with [Generic bean: class [org.mybatis.spring.SqlSessionFactoryBean]; scope=; abstract=false; lazyInit=false; autowireMode=0; dependencyCheck=0; autowireCandidate=true; primary=false; factoryBeanName=null; factoryMethodName=null; initMethodName=null; destroyMethodName=null; defined in class path resource [applicationContext_dao.xml]]
2018-11-01 11:43:19,550 543    [ost-startStop-1] INFO  redAnnotationBeanPostProcessor  - JSR-330 'javax.inject.Inject' annotation found and supported for autowiring
2018-11-01 11:43:19,673 666    [ost-startStop-1] INFO         com.mchange.v2.log.MLog  - MLog clients using log4j logging.
2018-11-01 11:43:19,716 709    [ost-startStop-1] INFO  m.mchange.v2.c3p0.C3P0Registry  - Initializing c3p0-0.9.1.2 [built 21-May-2007 15:04:56; debug? true; trace: 10]
2018-11-01 11:43:20,112 1105   [ost-startStop-1] INFO  work.web.context.ContextLoader  - Root WebApplicationContext: initialization completed in 1104 ms
2018-11-01 11:43:20,144 1137   [ost-startStop-1] INFO  .web.servlet.DispatcherServlet  - FrameworkServlet 'dispatcherServlet': initialization started
2018-11-01 11:43:20,147 1140   [ost-startStop-1] INFO  pport.XmlWebApplicationContext  - Refreshing WebApplicationContext for namespace 'dispatcherServlet-servlet': startup date [Thu Nov 01 11:43:20 CST 2018]; parent: Root WebApplicationContext
2018-11-01 11:43:20,147 1140   [ost-startStop-1] INFO  ry.xml.XmlBeanDefinitionReader  - Loading XML bean definitions from class path resource [springmvc.xml]
2018-11-01 11:43:20,253 1246   [ost-startStop-1] INFO  redAnnotationBeanPostProcessor  - JSR-330 'javax.inject.Inject' annotation found and supported for autowiring
2018-11-01 11:43:20,461 1454   [ost-startStop-1] INFO  andler.SimpleUrlHandlerMapping  - Mapped URL path [/css/**] onto handler 'org.springframework.web.servlet.resource.ResourceHttpRequestHandler#0'
2018-11-01 11:43:20,484 1477   [ost-startStop-1] INFO  andler.SimpleUrlHandlerMapping  - Mapped URL path [/img/**] onto handler 'org.springframework.web.servlet.resource.ResourceHttpRequestHandler#1'
2018-11-01 11:43:20,488 1481   [ost-startStop-1] INFO  andler.SimpleUrlHandlerMapping  - Mapped URL path [/js/**] onto handler 'org.springframework.web.servlet.resource.ResourceHttpRequestHandler#2'
2018-11-01 11:43:20,493 1486   [ost-startStop-1] INFO  andler.SimpleUrlHandlerMapping  - Mapped URL path [/plugins/**] onto handler 'org.springframework.web.servlet.resource.ResourceHttpRequestHandler#3'
2018-11-01 11:43:20,534 1527   [ost-startStop-1] INFO  n.RequestMappingHandlerMapping  - Mapped "{[/product/findAll.do]}" onto public org.springframework.web.servlet.ModelAndView cn.zxw.ssm.controller.ProductController.findAll() throws java.lang.Exception
2018-11-01 11:43:20,606 1599   [ost-startStop-1] INFO  n.RequestMappingHandlerAdapter  - Looking for @ControllerAdvice: WebApplicationContext for namespace 'dispatcherServlet-servlet': startup date [Thu Nov 01 11:43:20 CST 2018]; parent: Root WebApplicationContext
2018-11-01 11:43:20,657 1650   [ost-startStop-1] INFO  n.RequestMappingHandlerAdapter  - Looking for @ControllerAdvice: WebApplicationContext for namespace 'dispatcherServlet-servlet': startup date [Thu Nov 01 11:43:20 CST 2018]; parent: Root WebApplicationContext
2018-11-01 11:43:20,744 1737   [ost-startStop-1] INFO  .web.servlet.DispatcherServlet  - FrameworkServlet 'dispatcherServlet': initialization completed in 599 ms
2018-11-01 11:43:37,359 18352  [bio-8080-exec-4] INFO  l.AbstractPoolBackedDataSource  - Initializing c3p0 pool... com.mchange.v2.c3p0.ComboPooledDataSource [ acquireIncrement -> 3, acquireRetryAttempts -> 30, acquireRetryDelay -> 1000, autoCommitOnClose -> false, automaticTestTable -> null, breakAfterAcquireFailure -> false, checkoutTimeout -> 0, connectionCustomizerClassName -> null, connectionTesterClassName -> com.mchange.v2.c3p0.impl.DefaultConnectionTester, dataSourceName -> 1hge5g79y1kzd6sa1v5h9xp|63199d2c, debugUnreturnedConnectionStackTraces -> false, description -> null, driverClass -> oracle.jdbc.driver.OracleDriver, factoryClassLocation -> null, forceIgnoreUnresolvedTransactions -> false, identityToken -> 1hge5g79y1kzd6sa1v5h9xp|63199d2c, idleConnectionTestPeriod -> 0, initialPoolSize -> 3, jdbcUrl -> jdbc:oracle:thin:@192.168.23.24:1521:orcl, maxAdministrativeTaskTime -> 0, maxConnectionAge -> 0, maxIdleTime -> 0, maxIdleTimeExcessConnections -> 0, maxPoolSize -> 15, maxStatements -> 0, maxStatementsPerConnection -> 0, minPoolSize -> 3, numHelperThreads -> 3, numThreadsAwaitingCheckoutDefaultUser -> 0, preferredTestQuery -> null, properties -> {user=******, password=******}, propertyCycle -> 0, testConnectionOnCheckin -> false, testConnectionOnCheckout -> false, unreturnedConnectionTimeout -> 0, usesTraditionalReflectiveProxies -> false ]
2018-11-01 15:12:47,062 0      [ost-startStop-1] INFO  work.web.context.ContextLoader  - Root WebApplicationContext: initialization started
2018-11-01 15:12:47,126 64     [ost-startStop-1] INFO  pport.XmlWebApplicationContext  - Refreshing Root WebApplicationContext: startup date [Thu Nov 01 15:12:47 CST 2018]; root of context hierarchy
2018-11-01 15:12:47,224 162    [ost-startStop-1] INFO  ry.xml.XmlBeanDefinitionReader  - Loading XML bean definitions from URL [file:/E:/DH_Object/ssm_parent/ssm_web/target/classes/applicationContext.xml]
2018-11-01 15:12:47,344 282    [ost-startStop-1] INFO  ry.xml.XmlBeanDefinitionReader  - Loading XML bean definitions from class path resource [applicationContext_service.xml]
2018-11-01 15:12:47,468 406    [ost-startStop-1] INFO  ry.xml.XmlBeanDefinitionReader  - Loading XML bean definitions from class path resource [applicationContext_dao.xml]
2018-11-01 15:12:47,507 445    [ost-startStop-1] INFO  ry.xml.XmlBeanDefinitionReader  - Loading XML bean definitions from class path resource [applicationContext_tx.xml]
2018-11-01 15:12:47,526 464    [ost-startStop-1] INFO  ry.xml.XmlBeanDefinitionReader  - Loading XML bean definitions from class path resource [applicationContext_dao.xml]
2018-11-01 15:12:47,549 487    [ost-startStop-1] INFO  ort.DefaultListableBeanFactory  - Overriding bean definition for bean 'sqlSessionFactory' with a different definition: replacing [Generic bean: class [org.mybatis.spring.SqlSessionFactoryBean]; scope=; abstract=false; lazyInit=false; autowireMode=0; dependencyCheck=0; autowireCandidate=true; primary=false; factoryBeanName=null; factoryMethodName=null; initMethodName=null; destroyMethodName=null; defined in class path resource [applicationContext_dao.xml]] with [Generic bean: class [org.mybatis.spring.SqlSessionFactoryBean]; scope=; abstract=false; lazyInit=false; autowireMode=0; dependencyCheck=0; autowireCandidate=true; primary=false; factoryBeanName=null; factoryMethodName=null; initMethodName=null; destroyMethodName=null; defined in class path resource [applicationContext_dao.xml]]
2018-11-01 15:12:47,818 756    [ost-startStop-1] INFO  redAnnotationBeanPostProcessor  - JSR-330 'javax.inject.Inject' annotation found and supported for autowiring
2018-11-01 15:12:47,964 902    [ost-startStop-1] INFO         com.mchange.v2.log.MLog  - MLog clients using log4j logging.
2018-11-01 15:12:48,021 959    [ost-startStop-1] INFO  m.mchange.v2.c3p0.C3P0Registry  - Initializing c3p0-0.9.1.2 [built 21-May-2007 15:04:56; debug? true; trace: 10]
2018-11-01 15:12:48,516 1454   [ost-startStop-1] INFO  work.web.context.ContextLoader  - Root WebApplicationContext: initialization completed in 1451 ms
2018-11-01 15:12:48,561 1499   [ost-startStop-1] INFO  .web.servlet.DispatcherServlet  - FrameworkServlet 'dispatcherServlet': initialization started
2018-11-01 15:12:48,563 1501   [ost-startStop-1] INFO  pport.XmlWebApplicationContext  - Refreshing WebApplicationContext for namespace 'dispatcherServlet-servlet': startup date [Thu Nov 01 15:12:48 CST 2018]; parent: Root WebApplicationContext
2018-11-01 15:12:48,563 1501   [ost-startStop-1] INFO  ry.xml.XmlBeanDefinitionReader  - Loading XML bean definitions from class path resource [springmvc.xml]
2018-11-01 15:12:48,728 1666   [ost-startStop-1] INFO  redAnnotationBeanPostProcessor  - JSR-330 'javax.inject.Inject' annotation found and supported for autowiring
2018-11-01 15:12:49,028 1966   [ost-startStop-1] INFO  andler.SimpleUrlHandlerMapping  - Mapped URL path [/css/**] onto handler 'org.springframework.web.servlet.resource.ResourceHttpRequestHandler#0'
2018-11-01 15:12:49,055 1993   [ost-startStop-1] INFO  andler.SimpleUrlHandlerMapping  - Mapped URL path [/img/**] onto handler 'org.springframework.web.servlet.resource.ResourceHttpRequestHandler#1'
2018-11-01 15:12:49,059 1997   [ost-startStop-1] INFO  andler.SimpleUrlHandlerMapping  - Mapped URL path [/js/**] onto handler 'org.springframework.web.servlet.resource.ResourceHttpRequestHandler#2'
2018-11-01 15:12:49,062 2000   [ost-startStop-1] INFO  andler.SimpleUrlHandlerMapping  - Mapped URL path [/plugins/**] onto handler 'org.springframework.web.servlet.resource.ResourceHttpRequestHandler#3'
2018-11-01 15:12:49,122 2060   [ost-startStop-1] INFO  n.RequestMappingHandlerMapping  - Mapped "{[/product/save.do]}" onto public java.lang.String cn.zxw.ssm.controller.ProductController.save(cn.zxw.ssm.domain.Product)
2018-11-01 15:12:49,123 2061   [ost-startStop-1] INFO  n.RequestMappingHandlerMapping  - Mapped "{[/product/findAll.do]}" onto public org.springframework.web.servlet.ModelAndView cn.zxw.ssm.controller.ProductController.findAll() throws java.lang.Exception
2018-11-01 15:12:49,238 2176   [ost-startStop-1] INFO  n.RequestMappingHandlerAdapter  - Looking for @ControllerAdvice: WebApplicationContext for namespace 'dispatcherServlet-servlet': startup date [Thu Nov 01 15:12:48 CST 2018]; parent: Root WebApplicationContext
2018-11-01 15:12:49,298 2236   [ost-startStop-1] INFO  n.RequestMappingHandlerAdapter  - Looking for @ControllerAdvice: WebApplicationContext for namespace 'dispatcherServlet-servlet': startup date [Thu Nov 01 15:12:48 CST 2018]; parent: Root WebApplicationContext
2018-11-01 15:12:49,382 2320   [ost-startStop-1] INFO  .web.servlet.DispatcherServlet  - FrameworkServlet 'dispatcherServlet': initialization completed in 821 ms
2018-11-01 15:12:55,608 8546   [bio-8080-exec-4] INFO  l.AbstractPoolBackedDataSource  - Initializing c3p0 pool... com.mchange.v2.c3p0.ComboPooledDataSource [ acquireIncrement -> 3, acquireRetryAttempts -> 30, acquireRetryDelay -> 1000, autoCommitOnClose -> false, automaticTestTable -> null, breakAfterAcquireFailure -> false, checkoutTimeout -> 0, connectionCustomizerClassName -> null, connectionTesterClassName -> com.mchange.v2.c3p0.impl.DefaultConnectionTester, dataSourceName -> 1hge5g79y1l6ukju7c8lsy|4838c817, debugUnreturnedConnectionStackTraces -> false, description -> null, driverClass -> oracle.jdbc.driver.OracleDriver, factoryClassLocation -> null, forceIgnoreUnresolvedTransactions -> false, identityToken -> 1hge5g79y1l6ukju7c8lsy|4838c817, idleConnectionTestPeriod -> 0, initialPoolSize -> 3, jdbcUrl -> jdbc:oracle:thin:@192.168.23.24:1521:orcl, maxAdministrativeTaskTime -> 0, maxConnectionAge -> 0, maxIdleTime -> 0, maxIdleTimeExcessConnections -> 0, maxPoolSize -> 15, maxStatements -> 0, maxStatementsPerConnection -> 0, minPoolSize -> 3, numHelperThreads -> 3, numThreadsAwaitingCheckoutDefaultUser -> 0, preferredTestQuery -> null, properties -> {user=******, password=******}, propertyCycle -> 0, testConnectionOnCheckin -> false, testConnectionOnCheckout -> false, unreturnedConnectionTimeout -> 0, usesTraditionalReflectiveProxies -> false ]
2018-11-01 15:15:08,432 0      [ost-startStop-1] INFO  work.web.context.ContextLoader  - Root WebApplicationContext: initialization started
2018-11-01 15:15:08,505 73     [ost-startStop-1] INFO  pport.XmlWebApplicationContext  - Refreshing Root WebApplicationContext: startup date [Thu Nov 01 15:15:08 CST 2018]; root of context hierarchy
2018-11-01 15:15:08,556 124    [ost-startStop-1] INFO  ry.xml.XmlBeanDefinitionReader  - Loading XML bean definitions from URL [file:/E:/DH_Object/ssm_parent/ssm_web/target/classes/applicationContext.xml]
2018-11-01 15:15:08,664 232    [ost-startStop-1] INFO  ry.xml.XmlBeanDefinitionReader  - Loading XML bean definitions from class path resource [applicationContext_service.xml]
2018-11-01 15:15:08,811 379    [ost-startStop-1] INFO  ry.xml.XmlBeanDefinitionReader  - Loading XML bean definitions from class path resource [applicationContext_dao.xml]
2018-11-01 15:15:08,852 420    [ost-startStop-1] INFO  ry.xml.XmlBeanDefinitionReader  - Loading XML bean definitions from class path resource [applicationContext_tx.xml]
2018-11-01 15:15:08,873 441    [ost-startStop-1] INFO  ry.xml.XmlBeanDefinitionReader  - Loading XML bean definitions from class path resource [applicationContext_dao.xml]
2018-11-01 15:15:08,895 463    [ost-startStop-1] INFO  ort.DefaultListableBeanFactory  - Overriding bean definition for bean 'sqlSessionFactory' with a different definition: replacing [Generic bean: class [org.mybatis.spring.SqlSessionFactoryBean]; scope=; abstract=false; lazyInit=false; autowireMode=0; dependencyCheck=0; autowireCandidate=true; primary=false; factoryBeanName=null; factoryMethodName=null; initMethodName=null; destroyMethodName=null; defined in class path resource [applicationContext_dao.xml]] with [Generic bean: class [org.mybatis.spring.SqlSessionFactoryBean]; scope=; abstract=false; lazyInit=false; autowireMode=0; dependencyCheck=0; autowireCandidate=true; primary=false; factoryBeanName=null; factoryMethodName=null; initMethodName=null; destroyMethodName=null; defined in class path resource [applicationContext_dao.xml]]
2018-11-01 15:15:09,149 717    [ost-startStop-1] INFO  redAnnotationBeanPostProcessor  - JSR-330 'javax.inject.Inject' annotation found and supported for autowiring
2018-11-01 15:15:09,322 890    [ost-startStop-1] INFO         com.mchange.v2.log.MLog  - MLog clients using log4j logging.
2018-11-01 15:15:09,386 954    [ost-startStop-1] INFO  m.mchange.v2.c3p0.C3P0Registry  - Initializing c3p0-0.9.1.2 [built 21-May-2007 15:04:56; debug? true; trace: 10]
2018-11-01 15:15:09,866 1434   [ost-startStop-1] INFO  work.web.context.ContextLoader  - Root WebApplicationContext: initialization completed in 1432 ms
2018-11-01 15:15:09,914 1482   [ost-startStop-1] INFO  .web.servlet.DispatcherServlet  - FrameworkServlet 'dispatcherServlet': initialization started
2018-11-01 15:15:09,917 1485   [ost-startStop-1] INFO  pport.XmlWebApplicationContext  - Refreshing WebApplicationContext for namespace 'dispatcherServlet-servlet': startup date [Thu Nov 01 15:15:09 CST 2018]; parent: Root WebApplicationContext
2018-11-01 15:15:09,917 1485   [ost-startStop-1] INFO  ry.xml.XmlBeanDefinitionReader  - Loading XML bean definitions from class path resource [springmvc.xml]
2018-11-01 15:15:10,058 1626   [ost-startStop-1] INFO  redAnnotationBeanPostProcessor  - JSR-330 'javax.inject.Inject' annotation found and supported for autowiring
2018-11-01 15:15:10,321 1889   [ost-startStop-1] INFO  andler.SimpleUrlHandlerMapping  - Mapped URL path [/css/**] onto handler 'org.springframework.web.servlet.resource.ResourceHttpRequestHandler#0'
2018-11-01 15:15:10,347 1915   [ost-startStop-1] INFO  andler.SimpleUrlHandlerMapping  - Mapped URL path [/img/**] onto handler 'org.springframework.web.servlet.resource.ResourceHttpRequestHandler#1'
2018-11-01 15:15:10,350 1918   [ost-startStop-1] INFO  andler.SimpleUrlHandlerMapping  - Mapped URL path [/js/**] onto handler 'org.springframework.web.servlet.resource.ResourceHttpRequestHandler#2'
2018-11-01 15:15:10,355 1923   [ost-startStop-1] INFO  andler.SimpleUrlHandlerMapping  - Mapped URL path [/plugins/**] onto handler 'org.springframework.web.servlet.resource.ResourceHttpRequestHandler#3'
2018-11-01 15:15:10,411 1979   [ost-startStop-1] INFO  n.RequestMappingHandlerMapping  - Mapped "{[/product/save.do]}" onto public java.lang.String cn.zxw.ssm.controller.ProductController.save(cn.zxw.ssm.domain.Product)
2018-11-01 15:15:10,413 1981   [ost-startStop-1] INFO  n.RequestMappingHandlerMapping  - Mapped "{[/product/findAll.do]}" onto public org.springframework.web.servlet.ModelAndView cn.zxw.ssm.controller.ProductController.findAll() throws java.lang.Exception
2018-11-01 15:15:10,513 2081   [ost-startStop-1] INFO  n.RequestMappingHandlerAdapter  - Looking for @ControllerAdvice: WebApplicationContext for namespace 'dispatcherServlet-servlet': startup date [Thu Nov 01 15:15:09 CST 2018]; parent: Root WebApplicationContext
2018-11-01 15:15:10,597 2165   [ost-startStop-1] INFO  n.RequestMappingHandlerAdapter  - Looking for @ControllerAdvice: WebApplicationContext for namespace 'dispatcherServlet-servlet': startup date [Thu Nov 01 15:15:09 CST 2018]; parent: Root WebApplicationContext
2018-11-01 15:15:10,710 2278   [ost-startStop-1] INFO  .web.servlet.DispatcherServlet  - FrameworkServlet 'dispatcherServlet': initialization completed in 796 ms
2018-11-01 15:15:21,960 13528  [bio-8080-exec-4] INFO  l.AbstractPoolBackedDataSource  - Initializing c3p0 pool... com.mchange.v2.c3p0.ComboPooledDataSource [ acquireIncrement -> 3, acquireRetryAttempts -> 30, acquireRetryDelay -> 1000, autoCommitOnClose -> false, automaticTestTable -> null, breakAfterAcquireFailure -> false, checkoutTimeout -> 0, connectionCustomizerClassName -> null, connectionTesterClassName -> com.mchange.v2.c3p0.impl.DefaultConnectionTester, dataSourceName -> 1hge5g79y1l6xlmj1g43hgs|2e49890e, debugUnreturnedConnectionStackTraces -> false, description -> null, driverClass -> oracle.jdbc.driver.OracleDriver, factoryClassLocation -> null, forceIgnoreUnresolvedTransactions -> false, identityToken -> 1hge5g79y1l6xlmj1g43hgs|2e49890e, idleConnectionTestPeriod -> 0, initialPoolSize -> 3, jdbcUrl -> jdbc:oracle:thin:@192.168.23.24:1521:orcl, maxAdministrativeTaskTime -> 0, maxConnectionAge -> 0, maxIdleTime -> 0, maxIdleTimeExcessConnections -> 0, maxPoolSize -> 15, maxStatements -> 0, maxStatementsPerConnection -> 0, minPoolSize -> 3, numHelperThreads -> 3, numThreadsAwaitingCheckoutDefaultUser -> 0, preferredTestQuery -> null, properties -> {user=******, password=******}, propertyCycle -> 0, testConnectionOnCheckin -> false, testConnectionOnCheckout -> false, unreturnedConnectionTimeout -> 0, usesTraditionalReflectiveProxies -> false ]
2018-11-01 15:15:47,187 38755  [bio-8080-exec-6] INFO  ry.xml.XmlBeanDefinitionReader  - Loading XML bean definitions from class path resource [org/springframework/jdbc/support/sql-error-codes.xml]
2018-11-01 15:15:47,211 38779  [bio-8080-exec-6] INFO  c.support.SQLErrorCodesFactory  - SQLErrorCodes loaded: [DB2, Derby, H2, HSQL, Informix, MS-SQL, MySQL, Oracle, PostgreSQL, Sybase, Hana]
2018-11-01 15:17:49,154 0      [ost-startStop-1] INFO  work.web.context.ContextLoader  - Root WebApplicationContext: initialization started
2018-11-01 15:17:49,202 48     [ost-startStop-1] INFO  pport.XmlWebApplicationContext  - Refreshing Root WebApplicationContext: startup date [Thu Nov 01 15:17:49 CST 2018]; root of context hierarchy
2018-11-01 15:17:49,245 91     [ost-startStop-1] INFO  ry.xml.XmlBeanDefinitionReader  - Loading XML bean definitions from URL [file:/E:/DH_Object/ssm_parent/ssm_web/target/classes/applicationContext.xml]
2018-11-01 15:17:49,328 174    [ost-startStop-1] INFO  ry.xml.XmlBeanDefinitionReader  - Loading XML bean definitions from class path resource [applicationContext_service.xml]
2018-11-01 15:17:49,424 270    [ost-startStop-1] INFO  ry.xml.XmlBeanDefinitionReader  - Loading XML bean definitions from class path resource [applicationContext_dao.xml]
2018-11-01 15:17:49,457 303    [ost-startStop-1] INFO  ry.xml.XmlBeanDefinitionReader  - Loading XML bean definitions from class path resource [applicationContext_tx.xml]
2018-11-01 15:17:49,469 315    [ost-startStop-1] INFO  ry.xml.XmlBeanDefinitionReader  - Loading XML bean definitions from class path resource [applicationContext_dao.xml]
2018-11-01 15:17:49,485 331    [ost-startStop-1] INFO  ort.DefaultListableBeanFactory  - Overriding bean definition for bean 'sqlSessionFactory' with a different definition: replacing [Generic bean: class [org.mybatis.spring.SqlSessionFactoryBean]; scope=; abstract=false; lazyInit=false; autowireMode=0; dependencyCheck=0; autowireCandidate=true; primary=false; factoryBeanName=null; factoryMethodName=null; initMethodName=null; destroyMethodName=null; defined in class path resource [applicationContext_dao.xml]] with [Generic bean: class [org.mybatis.spring.SqlSessionFactoryBean]; scope=; abstract=false; lazyInit=false; autowireMode=0; dependencyCheck=0; autowireCandidate=true; primary=false; factoryBeanName=null; factoryMethodName=null; initMethodName=null; destroyMethodName=null; defined in class path resource [applicationContext_dao.xml]]
2018-11-01 15:17:49,652 498    [ost-startStop-1] INFO  redAnnotationBeanPostProcessor  - JSR-330 'javax.inject.Inject' annotation found and supported for autowiring
2018-11-01 15:17:49,762 608    [ost-startStop-1] INFO         com.mchange.v2.log.MLog  - MLog clients using log4j logging.
2018-11-01 15:17:49,808 654    [ost-startStop-1] INFO  m.mchange.v2.c3p0.C3P0Registry  - Initializing c3p0-0.9.1.2 [built 21-May-2007 15:04:56; debug? true; trace: 10]
2018-11-01 15:17:50,136 982    [ost-startStop-1] INFO  work.web.context.ContextLoader  - Root WebApplicationContext: initialization completed in 981 ms
2018-11-01 15:17:50,164 1010   [ost-startStop-1] INFO  .web.servlet.DispatcherServlet  - FrameworkServlet 'dispatcherServlet': initialization started
2018-11-01 15:17:50,166 1012   [ost-startStop-1] INFO  pport.XmlWebApplicationContext  - Refreshing WebApplicationContext for namespace 'dispatcherServlet-servlet': startup date [Thu Nov 01 15:17:50 CST 2018]; parent: Root WebApplicationContext
2018-11-01 15:17:50,166 1012   [ost-startStop-1] INFO  ry.xml.XmlBeanDefinitionReader  - Loading XML bean definitions from class path resource [springmvc.xml]
2018-11-01 15:17:50,277 1123   [ost-startStop-1] INFO  redAnnotationBeanPostProcessor  - JSR-330 'javax.inject.Inject' annotation found and supported for autowiring
2018-11-01 15:17:50,498 1344   [ost-startStop-1] INFO  andler.SimpleUrlHandlerMapping  - Mapped URL path [/css/**] onto handler 'org.springframework.web.servlet.resource.ResourceHttpRequestHandler#0'
2018-11-01 15:17:50,520 1366   [ost-startStop-1] INFO  andler.SimpleUrlHandlerMapping  - Mapped URL path [/img/**] onto handler 'org.springframework.web.servlet.resource.ResourceHttpRequestHandler#1'
2018-11-01 15:17:50,525 1371   [ost-startStop-1] INFO  andler.SimpleUrlHandlerMapping  - Mapped URL path [/js/**] onto handler 'org.springframework.web.servlet.resource.ResourceHttpRequestHandler#2'
2018-11-01 15:17:50,529 1375   [ost-startStop-1] INFO  andler.SimpleUrlHandlerMapping  - Mapped URL path [/plugins/**] onto handler 'org.springframework.web.servlet.resource.ResourceHttpRequestHandler#3'
2018-11-01 15:17:50,580 1426   [ost-startStop-1] INFO  n.RequestMappingHandlerMapping  - Mapped "{[/product/save.do]}" onto public java.lang.String cn.zxw.ssm.controller.ProductController.save(cn.zxw.ssm.domain.Product)
2018-11-01 15:17:50,581 1427   [ost-startStop-1] INFO  n.RequestMappingHandlerMapping  - Mapped "{[/product/findAll.do]}" onto public org.springframework.web.servlet.ModelAndView cn.zxw.ssm.controller.ProductController.findAll() throws java.lang.Exception
2018-11-01 15:17:50,678 1524   [ost-startStop-1] INFO  n.RequestMappingHandlerAdapter  - Looking for @ControllerAdvice: WebApplicationContext for namespace 'dispatcherServlet-servlet': startup date [Thu Nov 01 15:17:50 CST 2018]; parent: Root WebApplicationContext
2018-11-01 15:17:50,739 1585   [ost-startStop-1] INFO  n.RequestMappingHandlerAdapter  - Looking for @ControllerAdvice: WebApplicationContext for namespace 'dispatcherServlet-servlet': startup date [Thu Nov 01 15:17:50 CST 2018]; parent: Root WebApplicationContext
2018-11-01 15:17:50,849 1695   [ost-startStop-1] INFO  .web.servlet.DispatcherServlet  - FrameworkServlet 'dispatcherServlet': initialization completed in 685 ms
2018-11-01 15:17:56,209 7055   [bio-8080-exec-4] INFO  l.AbstractPoolBackedDataSource  - Initializing c3p0 pool... com.mchange.v2.c3p0.ComboPooledDataSource [ acquireIncrement -> 3, acquireRetryAttempts -> 30, acquireRetryDelay -> 1000, autoCommitOnClose -> false, automaticTestTable -> null, breakAfterAcquireFailure -> false, checkoutTimeout -> 0, connectionCustomizerClassName -> null, connectionTesterClassName -> com.mchange.v2.c3p0.impl.DefaultConnectionTester, dataSourceName -> 1hge5g79y1l711eu7wxkzk|30390daa, debugUnreturnedConnectionStackTraces -> false, description -> null, driverClass -> oracle.jdbc.driver.OracleDriver, factoryClassLocation -> null, forceIgnoreUnresolvedTransactions -> false, identityToken -> 1hge5g79y1l711eu7wxkzk|30390daa, idleConnectionTestPeriod -> 0, initialPoolSize -> 3, jdbcUrl -> jdbc:oracle:thin:@192.168.23.24:1521:orcl, maxAdministrativeTaskTime -> 0, maxConnectionAge -> 0, maxIdleTime -> 0, maxIdleTimeExcessConnections -> 0, maxPoolSize -> 15, maxStatements -> 0, maxStatementsPerConnection -> 0, minPoolSize -> 3, numHelperThreads -> 3, numThreadsAwaitingCheckoutDefaultUser -> 0, preferredTestQuery -> null, properties -> {user=******, password=******}, propertyCycle -> 0, testConnectionOnCheckin -> false, testConnectionOnCheckout -> false, unreturnedConnectionTimeout -> 0, usesTraditionalReflectiveProxies -> false ]
2018-11-01 15:26:48,816 0      [ost-startStop-1] INFO  work.web.context.ContextLoader  - Root WebApplicationContext: initialization started
2018-11-01 15:26:48,881 65     [ost-startStop-1] INFO  pport.XmlWebApplicationContext  - Refreshing Root WebApplicationContext: startup date [Thu Nov 01 15:26:48 CST 2018]; root of context hierarchy
2018-11-01 15:26:48,936 120    [ost-startStop-1] INFO  ry.xml.XmlBeanDefinitionReader  - Loading XML bean definitions from URL [file:/E:/DH_Object/ssm_parent/ssm_web/target/classes/applicationContext.xml]
2018-11-01 15:26:49,063 247    [ost-startStop-1] INFO  ry.xml.XmlBeanDefinitionReader  - Loading XML bean definitions from class path resource [applicationContext_service.xml]
2018-11-01 15:26:49,191 375    [ost-startStop-1] INFO  ry.xml.XmlBeanDefinitionReader  - Loading XML bean definitions from class path resource [applicationContext_dao.xml]
2018-11-01 15:26:49,230 414    [ost-startStop-1] INFO  ry.xml.XmlBeanDefinitionReader  - Loading XML bean definitions from class path resource [applicationContext_tx.xml]
2018-11-01 15:26:49,246 430    [ost-startStop-1] INFO  ry.xml.XmlBeanDefinitionReader  - Loading XML bean definitions from class path resource [applicationContext_dao.xml]
2018-11-01 15:26:49,262 446    [ost-startStop-1] INFO  ort.DefaultListableBeanFactory  - Overriding bean definition for bean 'sqlSessionFactory' with a different definition: replacing [Generic bean: class [org.mybatis.spring.SqlSessionFactoryBean]; scope=; abstract=false; lazyInit=false; autowireMode=0; dependencyCheck=0; autowireCandidate=true; primary=false; factoryBeanName=null; factoryMethodName=null; initMethodName=null; destroyMethodName=null; defined in class path resource [applicationContext_dao.xml]] with [Generic bean: class [org.mybatis.spring.SqlSessionFactoryBean]; scope=; abstract=false; lazyInit=false; autowireMode=0; dependencyCheck=0; autowireCandidate=true; primary=false; factoryBeanName=null; factoryMethodName=null; initMethodName=null; destroyMethodName=null; defined in class path resource [applicationContext_dao.xml]]
2018-11-01 15:26:49,506 690    [ost-startStop-1] INFO  redAnnotationBeanPostProcessor  - JSR-330 'javax.inject.Inject' annotation found and supported for autowiring
2018-11-01 15:26:49,644 828    [ost-startStop-1] INFO         com.mchange.v2.log.MLog  - MLog clients using log4j logging.
2018-11-01 15:26:49,704 888    [ost-startStop-1] INFO  m.mchange.v2.c3p0.C3P0Registry  - Initializing c3p0-0.9.1.2 [built 21-May-2007 15:04:56; debug? true; trace: 10]
2018-11-01 15:26:50,231 1415   [ost-startStop-1] INFO  work.web.context.ContextLoader  - Root WebApplicationContext: initialization completed in 1413 ms
2018-11-01 15:26:50,254 1438   [ost-startStop-1] INFO  pport.XmlWebApplicationContext  - Closing Root WebApplicationContext: startup date [Thu Nov 01 15:26:48 CST 2018]; root of context hierarchy
2018-11-01 15:28:36,443 0      [ost-startStop-1] INFO  work.web.context.ContextLoader  - Root WebApplicationContext: initialization started
2018-11-01 15:28:36,502 59     [ost-startStop-1] INFO  pport.XmlWebApplicationContext  - Refreshing Root WebApplicationContext: startup date [Thu Nov 01 15:28:36 CST 2018]; root of context hierarchy
2018-11-01 15:28:36,557 114    [ost-startStop-1] INFO  ry.xml.XmlBeanDefinitionReader  - Loading XML bean definitions from URL [file:/E:/DH_Object/ssm_parent/ssm_web/target/classes/applicationContext.xml]
2018-11-01 15:28:36,704 261    [ost-startStop-1] INFO  ry.xml.XmlBeanDefinitionReader  - Loading XML bean definitions from class path resource [applicationContext_service.xml]
2018-11-01 15:28:36,918 475    [ost-startStop-1] INFO  ry.xml.XmlBeanDefinitionReader  - Loading XML bean definitions from class path resource [applicationContext_dao.xml]
2018-11-01 15:28:36,955 512    [ost-startStop-1] INFO  ry.xml.XmlBeanDefinitionReader  - Loading XML bean definitions from class path resource [applicationContext_tx.xml]
2018-11-01 15:28:36,970 527    [ost-startStop-1] INFO  ry.xml.XmlBeanDefinitionReader  - Loading XML bean definitions from class path resource [applicationContext_dao.xml]
2018-11-01 15:28:36,984 541    [ost-startStop-1] INFO  ort.DefaultListableBeanFactory  - Overriding bean definition for bean 'sqlSessionFactory' with a different definition: replacing [Generic bean: class [org.mybatis.spring.SqlSessionFactoryBean]; scope=; abstract=false; lazyInit=false; autowireMode=0; dependencyCheck=0; autowireCandidate=true; primary=false; factoryBeanName=null; factoryMethodName=null; initMethodName=null; destroyMethodName=null; defined in class path resource [applicationContext_dao.xml]] with [Generic bean: class [org.mybatis.spring.SqlSessionFactoryBean]; scope=; abstract=false; lazyInit=false; autowireMode=0; dependencyCheck=0; autowireCandidate=true; primary=false; factoryBeanName=null; factoryMethodName=null; initMethodName=null; destroyMethodName=null; defined in class path resource [applicationContext_dao.xml]]
2018-11-01 15:28:37,219 776    [ost-startStop-1] INFO  redAnnotationBeanPostProcessor  - JSR-330 'javax.inject.Inject' annotation found and supported for autowiring
2018-11-01 15:28:37,339 896    [ost-startStop-1] INFO         com.mchange.v2.log.MLog  - MLog clients using log4j logging.
2018-11-01 15:28:37,390 947    [ost-startStop-1] INFO  m.mchange.v2.c3p0.C3P0Registry  - Initializing c3p0-0.9.1.2 [built 21-May-2007 15:04:56; debug? true; trace: 10]
2018-11-01 15:28:37,735 1292   [ost-startStop-1] INFO  work.web.context.ContextLoader  - Root WebApplicationContext: initialization completed in 1290 ms
2018-11-01 15:28:37,763 1320   [ost-startStop-1] INFO  .web.servlet.DispatcherServlet  - FrameworkServlet 'dispatcherServlet': initialization started
2018-11-01 15:28:37,766 1323   [ost-startStop-1] INFO  pport.XmlWebApplicationContext  - Refreshing WebApplicationContext for namespace 'dispatcherServlet-servlet': startup date [Thu Nov 01 15:28:37 CST 2018]; parent: Root WebApplicationContext
2018-11-01 15:28:37,766 1323   [ost-startStop-1] INFO  ry.xml.XmlBeanDefinitionReader  - Loading XML bean definitions from class path resource [springmvc.xml]
2018-11-01 15:28:37,884 1441   [ost-startStop-1] INFO  redAnnotationBeanPostProcessor  - JSR-330 'javax.inject.Inject' annotation found and supported for autowiring
2018-11-01 15:28:38,089 1646   [ost-startStop-1] INFO  andler.SimpleUrlHandlerMapping  - Mapped URL path [/css/**] onto handler 'org.springframework.web.servlet.resource.ResourceHttpRequestHandler#0'
2018-11-01 15:28:38,116 1673   [ost-startStop-1] INFO  andler.SimpleUrlHandlerMapping  - Mapped URL path [/img/**] onto handler 'org.springframework.web.servlet.resource.ResourceHttpRequestHandler#1'
2018-11-01 15:28:38,121 1678   [ost-startStop-1] INFO  andler.SimpleUrlHandlerMapping  - Mapped URL path [/js/**] onto handler 'org.springframework.web.servlet.resource.ResourceHttpRequestHandler#2'
2018-11-01 15:28:38,125 1682   [ost-startStop-1] INFO  andler.SimpleUrlHandlerMapping  - Mapped URL path [/plugins/**] onto handler 'org.springframework.web.servlet.resource.ResourceHttpRequestHandler#3'
2018-11-01 15:28:38,171 1728   [ost-startStop-1] INFO  n.RequestMappingHandlerMapping  - Mapped "{[/product/save.do]}" onto public java.lang.String cn.zxw.ssm.controller.ProductController.save(cn.zxw.ssm.domain.Product)
2018-11-01 15:28:38,172 1729   [ost-startStop-1] INFO  n.RequestMappingHandlerMapping  - Mapped "{[/product/findAll.do]}" onto public org.springframework.web.servlet.ModelAndView cn.zxw.ssm.controller.ProductController.findAll() throws java.lang.Exception
2018-11-01 15:28:38,254 1811   [ost-startStop-1] INFO  n.RequestMappingHandlerAdapter  - Looking for @ControllerAdvice: WebApplicationContext for namespace 'dispatcherServlet-servlet': startup date [Thu Nov 01 15:28:37 CST 2018]; parent: Root WebApplicationContext
2018-11-01 15:28:38,305 1862   [ost-startStop-1] INFO  n.RequestMappingHandlerAdapter  - Looking for @ControllerAdvice: WebApplicationContext for namespace 'dispatcherServlet-servlet': startup date [Thu Nov 01 15:28:37 CST 2018]; parent: Root WebApplicationContext
2018-11-01 15:28:38,391 1948   [ost-startStop-1] INFO  .web.servlet.DispatcherServlet  - FrameworkServlet 'dispatcherServlet': initialization completed in 628 ms
2018-11-01 15:31:09,358 0      [ost-startStop-1] INFO  work.web.context.ContextLoader  - Root WebApplicationContext: initialization started
2018-11-01 15:31:09,408 50     [ost-startStop-1] INFO  pport.XmlWebApplicationContext  - Refreshing Root WebApplicationContext: startup date [Thu Nov 01 15:31:09 CST 2018]; root of context hierarchy
2018-11-01 15:31:09,448 90     [ost-startStop-1] INFO  ry.xml.XmlBeanDefinitionReader  - Loading XML bean definitions from URL [file:/E:/DH_Object/ssm_parent/ssm_web/target/classes/applicationContext.xml]
2018-11-01 15:31:09,525 167    [ost-startStop-1] INFO  ry.xml.XmlBeanDefinitionReader  - Loading XML bean definitions from class path resource [applicationContext_service.xml]
2018-11-01 15:31:09,627 269    [ost-startStop-1] INFO  ry.xml.XmlBeanDefinitionReader  - Loading XML bean definitions from class path resource [applicationContext_dao.xml]
2018-11-01 15:31:09,655 297    [ost-startStop-1] INFO  ry.xml.XmlBeanDefinitionReader  - Loading XML bean definitions from class path resource [applicationContext_tx.xml]
2018-11-01 15:31:09,664 306    [ost-startStop-1] INFO  ry.xml.XmlBeanDefinitionReader  - Loading XML bean definitions from class path resource [applicationContext_dao.xml]
2018-11-01 15:31:09,676 318    [ost-startStop-1] INFO  ort.DefaultListableBeanFactory  - Overriding bean definition for bean 'sqlSessionFactory' with a different definition: replacing [Generic bean: class [org.mybatis.spring.SqlSessionFactoryBean]; scope=; abstract=false; lazyInit=false; autowireMode=0; dependencyCheck=0; autowireCandidate=true; primary=false; factoryBeanName=null; factoryMethodName=null; initMethodName=null; destroyMethodName=null; defined in class path resource [applicationContext_dao.xml]] with [Generic bean: class [org.mybatis.spring.SqlSessionFactoryBean]; scope=; abstract=false; lazyInit=false; autowireMode=0; dependencyCheck=0; autowireCandidate=true; primary=false; factoryBeanName=null; factoryMethodName=null; initMethodName=null; destroyMethodName=null; defined in class path resource [applicationContext_dao.xml]]
2018-11-01 15:31:09,872 514    [ost-startStop-1] INFO  redAnnotationBeanPostProcessor  - JSR-330 'javax.inject.Inject' annotation found and supported for autowiring
2018-11-01 15:31:09,982 624    [ost-startStop-1] INFO         com.mchange.v2.log.MLog  - MLog clients using log4j logging.
2018-11-01 15:31:10,034 676    [ost-startStop-1] INFO  m.mchange.v2.c3p0.C3P0Registry  - Initializing c3p0-0.9.1.2 [built 21-May-2007 15:04:56; debug? true; trace: 10]
2018-11-01 15:31:10,341 983    [ost-startStop-1] INFO  work.web.context.ContextLoader  - Root WebApplicationContext: initialization completed in 982 ms
2018-11-01 15:31:10,374 1016   [ost-startStop-1] INFO  .web.servlet.DispatcherServlet  - FrameworkServlet 'dispatcherServlet': initialization started
2018-11-01 15:31:10,377 1019   [ost-startStop-1] INFO  pport.XmlWebApplicationContext  - Refreshing WebApplicationContext for namespace 'dispatcherServlet-servlet': startup date [Thu Nov 01 15:31:10 CST 2018]; parent: Root WebApplicationContext
2018-11-01 15:31:10,377 1019   [ost-startStop-1] INFO  ry.xml.XmlBeanDefinitionReader  - Loading XML bean definitions from class path resource [springmvc.xml]
2018-11-01 15:31:10,486 1128   [ost-startStop-1] INFO  redAnnotationBeanPostProcessor  - JSR-330 'javax.inject.Inject' annotation found and supported for autowiring
2018-11-01 15:31:10,695 1337   [ost-startStop-1] INFO  andler.SimpleUrlHandlerMapping  - Mapped URL path [/css/**] onto handler 'org.springframework.web.servlet.resource.ResourceHttpRequestHandler#0'
2018-11-01 15:31:10,712 1354   [ost-startStop-1] INFO  andler.SimpleUrlHandlerMapping  - Mapped URL path [/img/**] onto handler 'org.springframework.web.servlet.resource.ResourceHttpRequestHandler#1'
2018-11-01 15:31:10,716 1358   [ost-startStop-1] INFO  andler.SimpleUrlHandlerMapping  - Mapped URL path [/js/**] onto handler 'org.springframework.web.servlet.resource.ResourceHttpRequestHandler#2'
2018-11-01 15:31:10,719 1361   [ost-startStop-1] INFO  andler.SimpleUrlHandlerMapping  - Mapped URL path [/plugins/**] onto handler 'org.springframework.web.servlet.resource.ResourceHttpRequestHandler#3'
2018-11-01 15:31:10,758 1400   [ost-startStop-1] INFO  n.RequestMappingHandlerMapping  - Mapped "{[/product/save.do]}" onto public java.lang.String cn.zxw.ssm.controller.ProductController.save(cn.zxw.ssm.domain.Product)
2018-11-01 15:31:10,759 1401   [ost-startStop-1] INFO  n.RequestMappingHandlerMapping  - Mapped "{[/product/findAll.do]}" onto public org.springframework.web.servlet.ModelAndView cn.zxw.ssm.controller.ProductController.findAll() throws java.lang.Exception
2018-11-01 15:31:10,836 1478   [ost-startStop-1] INFO  n.RequestMappingHandlerAdapter  - Looking for @ControllerAdvice: WebApplicationContext for namespace 'dispatcherServlet-servlet': startup date [Thu Nov 01 15:31:10 CST 2018]; parent: Root WebApplicationContext
2018-11-01 15:31:10,909 1551   [ost-startStop-1] INFO  n.RequestMappingHandlerAdapter  - Looking for @ControllerAdvice: WebApplicationContext for namespace 'dispatcherServlet-servlet': startup date [Thu Nov 01 15:31:10 CST 2018]; parent: Root WebApplicationContext
2018-11-01 15:31:11,018 1660   [ost-startStop-1] INFO  .web.servlet.DispatcherServlet  - FrameworkServlet 'dispatcherServlet': initialization completed in 644 ms
2018-11-01 15:31:19,210 9852   [bio-8080-exec-4] INFO  l.AbstractPoolBackedDataSource  - Initializing c3p0 pool... com.mchange.v2.c3p0.ComboPooledDataSource [ acquireIncrement -> 3, acquireRetryAttempts -> 30, acquireRetryDelay -> 1000, autoCommitOnClose -> false, automaticTestTable -> null, breakAfterAcquireFailure -> false, checkoutTimeout -> 0, connectionCustomizerClassName -> null, connectionTesterClassName -> com.mchange.v2.c3p0.impl.DefaultConnectionTester, dataSourceName -> 1hge5g79y1l7i6va1xnreue|6469524a, debugUnreturnedConnectionStackTraces -> false, description -> null, driverClass -> oracle.jdbc.driver.OracleDriver, factoryClassLocation -> null, forceIgnoreUnresolvedTransactions -> false, identityToken -> 1hge5g79y1l7i6va1xnreue|6469524a, idleConnectionTestPeriod -> 0, initialPoolSize -> 3, jdbcUrl -> jdbc:oracle:thin:@192.168.23.24:1521:orcl, maxAdministrativeTaskTime -> 0, maxConnectionAge -> 0, maxIdleTime -> 0, maxIdleTimeExcessConnections -> 0, maxPoolSize -> 15, maxStatements -> 0, maxStatementsPerConnection -> 0, minPoolSize -> 3, numHelperThreads -> 3, numThreadsAwaitingCheckoutDefaultUser -> 0, preferredTestQuery -> null, properties -> {user=******, password=******}, propertyCycle -> 0, testConnectionOnCheckin -> false, testConnectionOnCheckout -> false, unreturnedConnectionTimeout -> 0, usesTraditionalReflectiveProxies -> false ]
2018-11-01 15:35:36,511 0      [ost-startStop-1] INFO  work.web.context.ContextLoader  - Root WebApplicationContext: initialization started
2018-11-01 15:35:36,557 46     [ost-startStop-1] INFO  pport.XmlWebApplicationContext  - Refreshing Root WebApplicationContext: startup date [Thu Nov 01 15:35:36 CST 2018]; root of context hierarchy
2018-11-01 15:35:36,592 81     [ost-startStop-1] INFO  ry.xml.XmlBeanDefinitionReader  - Loading XML bean definitions from URL [file:/E:/DH_Object/ssm_parent/ssm_web/target/classes/applicationContext.xml]
2018-11-01 15:35:36,666 155    [ost-startStop-1] INFO  ry.xml.XmlBeanDefinitionReader  - Loading XML bean definitions from class path resource [applicationContext_service.xml]
2018-11-01 15:35:36,801 290    [ost-startStop-1] INFO  ry.xml.XmlBeanDefinitionReader  - Loading XML bean definitions from class path resource [applicationContext_dao.xml]
2018-11-01 15:35:36,828 317    [ost-startStop-1] INFO  ry.xml.XmlBeanDefinitionReader  - Loading XML bean definitions from class path resource [applicationContext_tx.xml]
2018-11-01 15:35:36,840 329    [ost-startStop-1] INFO  ry.xml.XmlBeanDefinitionReader  - Loading XML bean definitions from class path resource [applicationContext_dao.xml]
2018-11-01 15:35:36,853 342    [ost-startStop-1] INFO  ort.DefaultListableBeanFactory  - Overriding bean definition for bean 'sqlSessionFactory' with a different definition: replacing [Generic bean: class [org.mybatis.spring.SqlSessionFactoryBean]; scope=; abstract=false; lazyInit=false; autowireMode=0; dependencyCheck=0; autowireCandidate=true; primary=false; factoryBeanName=null; factoryMethodName=null; initMethodName=null; destroyMethodName=null; defined in class path resource [applicationContext_dao.xml]] with [Generic bean: class [org.mybatis.spring.SqlSessionFactoryBean]; scope=; abstract=false; lazyInit=false; autowireMode=0; dependencyCheck=0; autowireCandidate=true; primary=false; factoryBeanName=null; factoryMethodName=null; initMethodName=null; destroyMethodName=null; defined in class path resource [applicationContext_dao.xml]]
2018-11-01 15:35:37,040 529    [ost-startStop-1] INFO  redAnnotationBeanPostProcessor  - JSR-330 'javax.inject.Inject' annotation found and supported for autowiring
2018-11-01 15:35:37,171 660    [ost-startStop-1] INFO         com.mchange.v2.log.MLog  - MLog clients using log4j logging.
2018-11-01 15:35:37,217 706    [ost-startStop-1] INFO  m.mchange.v2.c3p0.C3P0Registry  - Initializing c3p0-0.9.1.2 [built 21-May-2007 15:04:56; debug? true; trace: 10]
2018-11-01 15:35:37,558 1047   [ost-startStop-1] INFO  work.web.context.ContextLoader  - Root WebApplicationContext: initialization completed in 1045 ms
2018-11-01 15:35:37,590 1079   [ost-startStop-1] INFO  .web.servlet.DispatcherServlet  - FrameworkServlet 'dispatcherServlet': initialization started
2018-11-01 15:35:37,592 1081   [ost-startStop-1] INFO  pport.XmlWebApplicationContext  - Refreshing WebApplicationContext for namespace 'dispatcherServlet-servlet': startup date [Thu Nov 01 15:35:37 CST 2018]; parent: Root WebApplicationContext
2018-11-01 15:35:37,593 1082   [ost-startStop-1] INFO  ry.xml.XmlBeanDefinitionReader  - Loading XML bean definitions from class path resource [springmvc.xml]
2018-11-01 15:35:37,707 1196   [ost-startStop-1] INFO  redAnnotationBeanPostProcessor  - JSR-330 'javax.inject.Inject' annotation found and supported for autowiring
2018-11-01 15:35:37,967 1456   [ost-startStop-1] INFO  andler.SimpleUrlHandlerMapping  - Mapped URL path [/css/**] onto handler 'org.springframework.web.servlet.resource.ResourceHttpRequestHandler#0'
2018-11-01 15:35:37,993 1482   [ost-startStop-1] INFO  andler.SimpleUrlHandlerMapping  - Mapped URL path [/img/**] onto handler 'org.springframework.web.servlet.resource.ResourceHttpRequestHandler#1'
2018-11-01 15:35:37,997 1486   [ost-startStop-1] INFO  andler.SimpleUrlHandlerMapping  - Mapped URL path [/js/**] onto handler 'org.springframework.web.servlet.resource.ResourceHttpRequestHandler#2'
2018-11-01 15:35:38,001 1490   [ost-startStop-1] INFO  andler.SimpleUrlHandlerMapping  - Mapped URL path [/plugins/**] onto handler 'org.springframework.web.servlet.resource.ResourceHttpRequestHandler#3'
2018-11-01 15:35:38,048 1537   [ost-startStop-1] INFO  n.RequestMappingHandlerMapping  - Mapped "{[/product/save.do]}" onto public java.lang.String cn.zxw.ssm.controller.ProductController.save(cn.zxw.ssm.domain.Product)
2018-11-01 15:35:38,050 1539   [ost-startStop-1] INFO  n.RequestMappingHandlerMapping  - Mapped "{[/product/findAll.do]}" onto public org.springframework.web.servlet.ModelAndView cn.zxw.ssm.controller.ProductController.findAll() throws java.lang.Exception
2018-11-01 15:35:38,141 1630   [ost-startStop-1] INFO  n.RequestMappingHandlerAdapter  - Looking for @ControllerAdvice: WebApplicationContext for namespace 'dispatcherServlet-servlet': startup date [Thu Nov 01 15:35:37 CST 2018]; parent: Root WebApplicationContext
2018-11-01 15:35:38,199 1688   [ost-startStop-1] INFO  n.RequestMappingHandlerAdapter  - Looking for @ControllerAdvice: WebApplicationContext for namespace 'dispatcherServlet-servlet': startup date [Thu Nov 01 15:35:37 CST 2018]; parent: Root WebApplicationContext
2018-11-01 15:35:38,299 1788   [ost-startStop-1] INFO  .web.servlet.DispatcherServlet  - FrameworkServlet 'dispatcherServlet': initialization completed in 709 ms
